C51 COMPILER V9.59.0.0   ST7920                                                            05/18/2020 22:37:46 PAGE 1   


C51 COMPILER V9.59.0.0, COMPILATION OF MODULE ST7920
OBJECT MODULE PLACED IN .\Objects\ST7920.obj
COMPILER INVOKED BY: C:\Keil_v5\C51\BIN\C51.EXE ST7920.c OPTIMIZE(8,SPEED) BROWSE DEBUG OBJECTEXTEND PRINT(.\Listings\ST
                    -7920.lst) TABS(2) OBJECT(.\Objects\ST7920.obj)

line level    source

   1          #include<AT89X51.H>
   2          #define lcdport P2
   3          
   4          #define rs P1_0
   5          #define rw P1_1
   6          #define en P1_2
   7          #define cs1 P1_3
   8          #define cs2 P1_4
   9          
  10          unsigned char c,z=0;
  11          
  12          void delayms(unsigned int time){
  13   1        unsigned int n;
  14   1        while(time>0){
  15   2          n=120;
  16   2          while(n>0){
  17   3            n--;
  18   3          }
  19   2          time--;
  20   2        }
  21   1      }
  22          
  23          unsigned char code image[8][128]={
  24              {0x00,0x00,0x00,0x00,0x00,0x00,0x00,0x00,0x00,0x00,0x00,0x00,0x00,0x00,0x00,0x00,0x00,0x00,0x00,0x00,0x0
             -0,0x20,0xE0,0x60,0x20,0x20,0x00,0x00,0x00,0x00,0x00,0x00,0x00,0x00,0x00,0x00,0x00,0x00,0x00,0x00,0x00,0x00,0x00,0x00,0x0
             -0,0x00,0x00,0x00,0x00,0x00,0x00,0x00,0x00,0x00,0x00,0x00,0x00,0x00,0x00,0x00,0x00,0x00,0x00,0x00,0x50,0xFC,0xFE,0xFF,0xF
             -F,0xFF,0xFF,0x7F,0xFF,0xFF,0xFF,0xFF,0xFF,0xFF,0xFF,0xFF,0xFE,0xF0,0x00,0x00,0x00,0x00,0x00,0x00,0x00,0x00,0x00,0x00,0x0
             -0,0x00,0x00,0x00,0x00,0x00,0x00,0x00},
  25              {0x00,0x00,0x00,0x00,0x00,0x00,0x00,0x00,0x00,0x00,0x00,0x00,0x00,0x00,0x00,0x00,0x00,0x00,0x00,0x00,0x
             -00,0x03,0x01,0x00,0x00,0x00,0x00,0x00,0x00,0x00,0x00,0x00,0x00,0x00,0x00,0x00,0x00,0x00,0x00,0x00,0x00,0x00,0x00,0x00,0x
             -00,0x00,0x00,0x00,0x00,0x00,0x00,0x00,0x00,0x00,0x00,0x00,0x00,0x00,0x00,0x00,0x00,0x00,0x00,0x00,0x00,0x7F,0xFF,0xCF,0x
             -8F,0xFF,0xFF,0xEF,0x43,0x0E,0x0E,0x0E,0x0E,0x0C,0x00,0x2F,0x07,0x00,0x00,0x00,0x00,0x00,0x00,0x00,0x00,0x00,0x00,0x00,0x
             -00,0x00,0x00,0x00,0x00,0x00,0x00,0x00},
  26              {0x00,0x00,0x00,0x00,0x00,0x00,0x00,0x00,0x00,0x00,0x00,0x00,0x00,0x00,0x00,0x00,0x00,0x00,0x00,0x00,0x
             -00,0x00,0x00,0x00,0x00,0x00,0x00,0x00,0x00,0x00,0x00,0x00,0x00,0x00,0x00,0x00,0x00,0x00,0x00,0x00,0x00,0x00,0x00,0x00,0x
             -00,0x00,0x00,0x00,0x00,0x00,0x00,0x00,0x00,0x00,0x00,0x00,0x00,0x00,0x00,0x00,0x00,0x00,0x00,0x00,0x80,0xC0,0xC7,0xFF,0x
             -FF,0xFF,0xFF,0xEF,0xEE,0xFE,0xFC,0xF0,0xF0,0x70,0x00,0x00,0x00,0x00,0x00,0x00,0x00,0x00,0x00,0x00,0x00,0x00,0x00,0x00,0x
             -00,0x00,0x00,0x00,0x00,0x00,0x00,0x00},
  27              {0x3F,0xFF,0xFF,0xFF,0xFE,0xFE,0xFE,0xFE,0xFE,0xFE,0xFE,0xFC,0xFC,0xFC,0xFC,0xFC,0xFC,0xFC,0xFC,0xFC,0x
             -F8,0xF0,0xC0,0x00,0x00,0x00,0x00,0x00,0x00,0x00,0x00,0x00,0x00,0x00,0x00,0x00,0x00,0x00,0x00,0x00,0x00,0x00,0x00,0x00,0x
             -00,0x00,0x00,0x00,0x00,0x00,0x00,0x00,0x00,0x00,0xC0,0xF0,0xF8,0xFC,0xFC,0xFC,0xFE,0xFE,0xFE,0xFF,0xFF,0xFF,0xFF,0xFF,0x
             -FF,0xFF,0xFF,0xFF,0xFF,0xFF,0xFF,0xFF,0xF3,0xFC,0xFC,0xFE,0xFE,0xF8,0xFC,0xF0,0x60,0x20,0x20,0x00,0x00,0x00,0x00,0x00,0x
             -00,0x00,0x00,0x00,0x00,0x00,0x00,0x00},
  28              {0x00,0x01,0x0F,0x7F,0xFF,0xFF,0xFF,0xFF,0xFF,0xFF,0xFF,0xFF,0xFF,0xFF,0xFF,0xFF,0xFF,0xFF,0xFF,0xFF,0x
             -FF,0xFF,0xFF,0xFE,0xF0,0x00,0x00,0x00,0x00,0x00,0x00,0x00,0x00,0x00,0x00,0x00,0x00,0x00,0x00,0x00,0x00,0x00,0x00,0x00,0x
             -00,0x00,0x00,0x00,0x00,0x00,0x00,0x00,0x80,0xFC,0xFF,0xFF,0xFF,0xFF,0xFF,0xFF,0xFF,0xFF,0xFF,0xFF,0xFF,0xFF,0xFF,0xFF,0x
             -FF,0xFF,0xFF,0xFF,0xFF,0xFF,0xFF,0xFF,0xFF,0xFF,0xFF,0xFF,0xFF,0xFF,0xFF,0xFF,0xFF,0xFE,0xFE,0xFF,0xFE,0xF8,0x80,0xC0,0x
             -E0,0x00,0x00,0x00,0x00,0x00,0x00,0x00},
  29              {0x00,0x00,0x00,0x00,0x07,0x7F,0xFF,0xFF,0xFF,0xFF,0xFF,0xFF,0xFF,0xFF,0xFF,0xFF,0xFF,0xFF,0xFF,0xFF,0x
             -FF,0xFF,0xFF,0xFF,0xFF,0xFE,0xE0,0x00,0x00,0x00,0x00,0x00,0x00,0x00,0x00,0x00,0x00,0x00,0x00,0x00,0x00,0x00,0x00,0x00,0x
             -00,0x00,0x00,0x00,0x00,0xC0,0xF0,0xF8,0xFF,0xFF,0xFF,0xFF,0xFF,0xFF,0xFF,0xFF,0xFF,0xFF,0xFF,0xFF,0xFF,0xFF,0xFF,0xFF,0x
             -FF,0xFF,0xFF,0xFF,0xFF,0xFF,0xFF,0xFF,0xFF,0xFF,0xFF,0xFF,0xFF,0xFF,0xFF,0xFF,0xFF,0xFF,0xFF,0xFF,0xFF,0xFF,0xFD,0x3F,0x
             -01,0x00,0x00,0x00,0x00,0x00,0x00,0x00},
  30              {0xF8,0xF8,0xF8,0xF8,0xF0,0xF0,0xE3,0xEF,0xEF,0xFF,0xFF,0xFF,0xFF,0xFF,0xFF,0xFF,0xFF,0xFF,0xFF,0xFF,0x
C51 COMPILER V9.59.0.0   ST7920                                                            05/18/2020 22:37:46 PAGE 2   

             -FF,0xFF,0xFF,0xFF,0xFF,0xFF,0xFF,0xFF,0xFE,0xFA,0xFC,0xFC,0xEC,0xCC,0xFC,0xF8,0xF0,0xFC,0xFC,0xFC,0xF8,0xF8,0xF8,0xF8,0x
             -F8,0xFC,0xFE,0xEE,0xEC,0xE8,0xE9,0x69,0xC1,0x03,0x03,0x0F,0x3F,0x7F,0xFF,0xFF,0xFF,0xFF,0xFF,0xFF,0xFF,0xFF,0xFF,0xFF,0x
             -FF,0xFF,0xFF,0xFF,0xFF,0xFF,0xFF,0xFF,0xFF,0xFF,0xFF,0xFF,0xFF,0xFF,0xFF,0xFF,0xFF,0xFF,0xFF,0xFF,0xFF,0xFF,0x79,0x00,0x
             -00,0x00,0x00,0x00,0x00,0x00,0x00,0x00},
  31              {0x3F,0xFF,0xBF,0xFF,0xFF,0xFF,0xFF,0xFF,0xFF,0xFF,0xFF,0xFF,0xFF,0xFF,0xFF,0xFF,0xFF,0xFF,0xFF,0xFF,0x
             -FF,0xFF,0xFF,0xFF,0xFF,0xFF,0xFF,0xFF,0xFF,0xFF,0xFF,0xFF,0xFF,0xFF,0xFF,0xFF,0xFF,0xFF,0xFF,0xFF,0xFF,0xFD,0xFD,0xF8,0x
             -F9,0xFB,0xFF,0xFF,0xFF,0xFF,0xFF,0xF6,0xF0,0xF0,0xE0,0xE0,0xE0,0xE0,0xE0,0xE0,0xF4,0xE3,0x83,0x83,0x83,0x83,0x83,0x07,0x
             -87,0x87,0x0F,0x0F,0x0F,0x1F,0x1F,0xFF,0xFF,0xFF,0xFF,0xFF,0xFF,0xFF,0xFF,0xFF,0xFF,0xFF,0xFF,0xFF,0x7F,0x0F,0x00,0x00,0x
             -00,0x00,0x00,0x00,0x00,0x00,0x00,0x00}
  32                           };
  33            
  34          
  35          void delay(int itime)
  36          {
  37   1        int i,j;
  38   1        for(i=0;i<itime;i++)
  39   1        for(j=0;j<125;j++);
  40   1      }                                                                                                                                                                                                                 
             -                                                                                                                      
  41                 
  42          void lcd_disp_on()
  43          { 
  44   1        rs=0;
  45   1        rw=0;
  46   1        en=0;
  47   1        cs1=0;
  48   1        cs2=0;
  49   1        lcdport=0x3f;  
  50   1        cs1=1;cs2=1;
  51   1        rw=0;rs=0;
  52   1        en=1;
  53   1        delayms(10); 
  54   1        en=0;
  55   1      }
  56          
  57          void setCursorY(int y)
  58          {
  59   1        if(y<64)
  60   1        {
  61   2        rs=0;
  62   2        rw=0;
  63   2        en=0;
  64   2        cs1=0;
  65   2        cs2=0;
  66   2          c=y;
  67   2          lcdport=64|(y&63);    //64 for Column 0
  68   2          cs1=1;
  69   2          cs2=0;
  70   2          rs=0;
  71   2          rw=0;
  72   2          en=1;
  73   2          delayms(10); 
  74   2          en=0;
  75   2        }
  76   1        else
  77   1        { 
  78   2          c=y;
  79   2          lcdport=64|((y-64)&63);   //0x64 for Column 0
  80   2          cs2=1;cs1=0;
  81   2          rs=0;
  82   2          rw=0;
  83   2          en=1;
C51 COMPILER V9.59.0.0   ST7920                                                            05/18/2020 22:37:46 PAGE 3   

  84   2          delayms(10); 
  85   2          en=0;
  86   2        }
  87   1      }
  88          
  89          void setCursorX(int x)
  90          {
  91   1          rs=0;
  92   1        rw=0;
  93   1        en=0;
  94   1        cs1=0;
  95   1        cs2=0;
  96   1        lcdport= 184+x;    //184 for Page 0
  97   1        cs1=1;
  98   1        cs2=1;
  99   1        rs=0;
 100   1        rw=0;
 101   1        en=1;
 102   1        delayms(10); 
 103   1        en=0;
 104   1      }
 105          
 106          void lcdprint(char dat,int size)
 107          {
 108   1        unsigned int i;
 109   1        for(i=0;i<size;i++)
 110   1        {
 111   2          if(c<64)
 112   2          {
 113   3            lcdport=dat;
 114   3            cs1=1;
 115   3            cs2=0;
 116   3            rs=1;
 117   3            rw=0;
 118   3            en=1;
 119   3            delayms(10); 
 120   3            en=0;
 121   3            c++;
 122   3          }
 123   2      
 124   2          else
 125   2          {
 126   3            setCursorY(c); 
 127   3            lcdport=dat;
 128   3            cs2=1;
 129   3            cs1=0;
 130   3            rs=1;
 131   3            rw=0;
 132   3            en=1;
 133   3            delayms(10); 
 134   3            en=0;
 135   3            c++;
 136   3          }
 137   2        if(c>127)
 138   2        return;
 139   2        }
 140   1      }
 141          
 142          void lcdclear()
 143          {
 144   1          unsigned char i;
 145   1          for (i=0;i < 8;i++)
C51 COMPILER V9.59.0.0   ST7920                                                            05/18/2020 22:37:46 PAGE 4   

 146   1          {
 147   2        setCursorX(i);
 148   2        setCursorY(0);
 149   2          }
 150   1      }
 151          
 152          void main()
 153          { 
 154   1          int x,y;
 155   1        P3=0xff;
 156   1        while(1)
 157   1        {
 158   2            lcdclear();
 159   2           for(y=0;y<8;y++)
 160   2           {
 161   3          for(x=0;x<128;x++)
 162   3          {
 163   4            lcd_disp_on(); 
 164   4            setCursorX(y);
 165   4            setCursorY(x);
 166   4            lcdprint(image[y][x],x);
 167   4          }
 168   3           }
 169   2      
 170   2           delay(2000);
 171   2      
 172   2           P3=~P3;
 173   2        } 
 174   1      }


MODULE INFORMATION:   STATIC OVERLAYABLE
   CODE SIZE        =    418    ----
   CONSTANT SIZE    =   1024    ----
   XDATA SIZE       =   ----    ----
   PDATA SIZE       =   ----    ----
   DATA SIZE        =      2       4
   IDATA SIZE       =   ----    ----
   BIT SIZE         =   ----    ----
END OF MODULE INFORMATION.


C51 COMPILATION COMPLETE.  0 WARNING(S),  0 ERROR(S)
